::1 - - [04/Dec/2022:22:15:30 +0300] "GET /favicon.ico HTTP/1.1" 404 196
::1 - - [04/Dec/2022:22:16:52 +0300] "GET /index.html HTTP/1.1" 404 196
::1 - - [04/Dec/2022:22:16:52 +0300] "GET /favicon.ico HTTP/1.1" 404 196
::1 - - [04/Dec/2022:22:17:52 +0300] "-" 408 -
::1 - - [04/Dec/2022:22:17:53 +0300] "GET / HTTP/1.1" 200 413
::1 - - [04/Dec/2022:22:18:01 +0300] "GET /form_manao_test/ HTTP/1.1" 200 5366
::1 - - [04/Dec/2022:22:18:01 +0300] "GET /form_manao_test/css/style.css HTTP/1.1" 200 375
::1 - - [04/Dec/2022:22:18:01 +0300] "GET /form_manao_test/js/reg.js HTTP/1.1" 200 2882
::1 - - [04/Dec/2022:22:18:01 +0300] "GET /img/ripple.gif HTTP/1.1" 404 196
::1 - - [04/Dec/2022:22:18:01 +0300] "GET /form_manao_test/js/auto.js HTTP/1.1" 200 2189
::1 - - [04/Dec/2022:22:18:40 +0300] "GET /form_manao_test/data/db.json HTTP/1.1" 200 1054
::1 - - [04/Dec/2022:22:20:41 +0300] "GET /favicon.ico HTTP/1.1" 404 196
::1 - - [04/Dec/2022:22:20:44 +0300] "GET /form_manao_test/data/db.json HTTP/1.1" 304 -
::1 - - [04/Dec/2022:22:20:44 +0300] "GET /form_manao_test/data/db.json HTTP/1.1" 304 -
::1 - - [04/Dec/2022:22:20:44 +0300] "GET /form_manao_test/data/db.json HTTP/1.1" 304 -
::1 - - [04/Dec/2022:22:20:45 +0300] "GET /form_manao_test/data/db.json HTTP/1.1" 304 -
::1 - - [04/Dec/2022:22:20:47 +0300] "GET /form_manao_test/data/ HTTP/1.1" 200 300
::1 - - [04/Dec/2022:22:20:50 +0300] "GET /img/ripple.gif HTTP/1.1" 404 196
::1 - - [04/Dec/2022:22:21:06 +0300] "GET /form_manao_test/data/ HTTP/1.1" 200 300
::1 - - [04/Dec/2022:22:22:01 +0300] "GET / HTTP/1.1" 200 413
::1 - - [04/Dec/2022:22:23:20 +0300] "GET / HTTP/1.1" 200 413
::1 - - [04/Dec/2022:22:23:21 +0300] "GET /favicon.ico HTTP/1.1" 404 196
::1 - - [04/Dec/2022:22:23:25 +0300] "GET /form_manao_test/ HTTP/1.1" 200 5366
::1 - - [04/Dec/2022:22:23:25 +0300] "GET /form_manao_test/css/style.css HTTP/1.1" 200 375
::1 - - [04/Dec/2022:22:23:25 +0300] "GET /form_manao_test/js/reg.js HTTP/1.1" 200 2882
::1 - - [04/Dec/2022:22:23:25 +0300] "GET /form_manao_test/js/auto.js HTTP/1.1" 200 2189
::1 - - [04/Dec/2022:22:23:25 +0300] "GET /img/ripple.gif HTTP/1.1" 404 196
::1 - - [04/Dec/2022:22:23:40 +0300] "GET /form_manao_test/data/db.json HTTP/1.1" 200 1054
::1 - - [04/Dec/2022:22:24:16 +0300] "GET /form_manao_test/data/db.json HTTP/1.1" 304 -
::1 - - [04/Dec/2022:22:27:05 +0300] "GET /form_manao_test/data/db.json HTTP/1.1" 304 -
::1 - - [04/Dec/2022:22:27:06 +0300] "GET /form_manao_test/data/db.json HTTP/1.1" 304 -
::1 - - [04/Dec/2022:22:27:06 +0300] "GET /form_manao_test/data/db.json HTTP/1.1" 304 -
::1 - - [04/Dec/2022:22:27:06 +0300] "GET /form_manao_test/data/db.json HTTP/1.1" 304 -
::1 - - [04/Dec/2022:22:27:06 +0300] "GET /form_manao_test/data/db.json HTTP/1.1" 304 -
::1 - - [04/Dec/2022:22:27:07 +0300] "GET /form_manao_test/data/db.json HTTP/1.1" 304 -
::1 - - [04/Dec/2022:22:27:07 +0300] "GET /form_manao_test/data/db.json HTTP/1.1" 304 -
::1 - - [04/Dec/2022:22:27:07 +0300] "GET /form_manao_test/data/db.json HTTP/1.1" 304 -
::1 - - [04/Dec/2022:22:27:07 +0300] "GET /form_manao_test/data/db.json HTTP/1.1" 304 -
::1 - - [04/Dec/2022:22:27:07 +0300] "GET /form_manao_test/data/db.json HTTP/1.1" 304 -
::1 - - [04/Dec/2022:22:27:08 +0300] "GET /form_manao_test/data/db.json HTTP/1.1" 304 -
::1 - - [04/Dec/2022:22:27:12 +0300] "GET /form_manao_test/data HTTP/1.1" 301 246
::1 - - [04/Dec/2022:22:27:12 +0300] "GET /form_manao_test/data/ HTTP/1.1" 200 300
::1 - - [04/Dec/2022:22:27:19 +0300] "GET /img/ripple.gif HTTP/1.1" 404 196
::1 - - [04/Dec/2022:22:27:25 +0300] "GET /form_manao_test/data/ HTTP/1.1" 200 300
::1 - - [04/Dec/2022:22:28:25 +0300] "-" 408 -
::1 - - [04/Dec/2022:22:28:48 +0300] "GET /form_manao_test/data/ HTTP/1.1" 200 300
::1 - - [04/Dec/2022:22:28:51 +0300] "GET /form_manao_test/data/db.json HTTP/1.1" 304 -
::1 - - [04/Dec/2022:22:28:52 +0300] "GET /form_manao_test/data/db.json HTTP/1.1" 304 -
::1 - - [04/Dec/2022:22:28:52 +0300] "GET /form_manao_test/data/db.json HTTP/1.1" 304 -
::1 - - [04/Dec/2022:22:28:52 +0300] "GET /form_manao_test/data/db.json HTTP/1.1" 304 -
::1 - - [04/Dec/2022:22:28:58 +0300] "GET /form_manao_test// HTTP/1.1" 200 5366
::1 - - [04/Dec/2022:22:28:58 +0300] "GET /form_manao_test//css/style.css HTTP/1.1" 200 375
::1 - - [04/Dec/2022:22:28:58 +0300] "GET /form_manao_test//js/reg.js HTTP/1.1" 200 2882
::1 - - [04/Dec/2022:22:28:58 +0300] "GET /form_manao_test//js/auto.js HTTP/1.1" 200 2189
::1 - - [04/Dec/2022:22:28:58 +0300] "GET /img/ripple.gif HTTP/1.1" 404 196
::1 - - [04/Dec/2022:22:29:05 +0300] "GET /form_manao_test/data/ HTTP/1.1" 200 300
::1 - - [04/Dec/2022:22:29:07 +0300] "GET /img/ripple.gif HTTP/1.1" 404 196
::1 - - [04/Dec/2022:22:29:12 +0300] "GET /form_manao_test/data/ HTTP/1.1" 200 300
::1 - - [04/Dec/2022:22:30:29 +0300] "GET /form_manao_test/data/db.json HTTP/1.1" 304 -
::1 - - [04/Dec/2022:22:30:31 +0300] "GET /form_manao_test/data/db.json HTTP/1.1" 304 -
::1 - - [04/Dec/2022:22:30:34 +0300] "GET /form_manao_test/data/db.json HTTP/1.1" 304 -
::1 - - [04/Dec/2022:22:31:29 +0300] "-" 408 -
::1 - - [04/Dec/2022:22:31:50 +0300] "GET /form_manao_test/data/db.json HTTP/1.1" 304 -
::1 - - [04/Dec/2022:22:31:54 +0300] "GET /form_manao_test/data/db.json HTTP/1.1" 304 -
::1 - - [04/Dec/2022:22:32:38 +0300] "GET /form_manao_test/data/db.json HTTP/1.1" 304 -
::1 - - [04/Dec/2022:22:33:49 +0300] "GET /form_manao_test/data/db.json HTTP/1.1" 304 -
::1 - - [04/Dec/2022:22:33:55 +0300] "GET / HTTP/1.1" 200 413
::1 - - [04/Dec/2022:22:33:57 +0300] "GET /form_clickmedia_test/ HTTP/1.1" 200 4953
::1 - - [04/Dec/2022:22:33:57 +0300] "GET /css/main.css HTTP/1.1" 404 196
::1 - - [04/Dec/2022:22:33:57 +0300] "GET /js/formreg.js HTTP/1.1" 404 196
::1 - - [04/Dec/2022:22:33:57 +0300] "GET /js/formauto.js HTTP/1.1" 404 196
::1 - - [04/Dec/2022:22:33:57 +0300] "GET /img/ripple.gif HTTP/1.1" 404 196
::1 - - [04/Dec/2022:22:34:04 +0300] "GET /error.log HTTP/1.1" 200 6675
::1 - - [04/Dec/2022:22:34:08 +0300] "GET /access.log HTTP/1.1" 200 6005
::1 - - [04/Dec/2022:22:34:14 +0300] "GET /img/ripple.gif HTTP/1.1" 404 196
::1 - - [04/Dec/2022:22:34:35 +0300] "GET /form_manao_test/ HTTP/1.1" 304 -
::1 - - [04/Dec/2022:22:34:35 +0300] "GET /img/ripple.gif HTTP/1.1" 404 196
::1 - - [04/Dec/2022:22:35:35 +0300] "-" 408 -
::1 - - [04/Dec/2022:22:38:27 +0300] "GET /form_manao_test/ HTTP/1.1" 304 -
::1 - - [04/Dec/2022:22:38:27 +0300] "GET /img/ripple.gif HTTP/1.1" 404 196
::1 - - [04/Dec/2022:22:38:30 +0300] "GET /form_manao_test/data/ HTTP/1.1" 200 300
::1 - - [04/Dec/2022:22:39:26 +0300] "-" 408 -
::1 - - [04/Dec/2022:22:40:00 +0300] "GET /form_manao_test/data/db.json HTTP/1.1" 304 -
::1 - - [04/Dec/2022:22:40:09 +0300] "GET /form_manao_test/data/db.json HTTP/1.1" 304 -
::1 - - [04/Dec/2022:22:40:41 +0300] "GET /form_manao_test/data/db.json HTTP/1.1" 200 1054
::1 - - [04/Dec/2022:22:40:43 +0300] "GET /form_manao_test/data/db.json HTTP/1.1" 304 -
::1 - - [04/Dec/2022:22:40:44 +0300] "GET /form_manao_test/data/db.json HTTP/1.1" 304 -
::1 - - [04/Dec/2022:22:40:47 +0300] "GET /img/ripple.gif HTTP/1.1" 404 196
::1 - - [04/Dec/2022:22:41:46 +0300] "GET / HTTP/1.1" 200 413
::1 - - [04/Dec/2022:22:41:48 +0300] "GET /form_manao_test/ HTTP/1.1" 200 5366
::1 - - [04/Dec/2022:22:41:48 +0300] "GET /form_manao_test/css/style.css HTTP/1.1" 200 375
::1 - - [04/Dec/2022:22:41:48 +0300] "GET /form_manao_test/js/reg.js HTTP/1.1" 200 2882
::1 - - [04/Dec/2022:22:41:48 +0300] "GET /form_manao_test/js/auto.js HTTP/1.1" 200 2189
::1 - - [04/Dec/2022:22:41:48 +0300] "GET /img/ripple.gif HTTP/1.1" 404 196
::1 - - [04/Dec/2022:22:41:53 +0300] "GET /form_manao_test/data HTTP/1.1" 301 246
::1 - - [04/Dec/2022:22:41:53 +0300] "GET /form_manao_test/data/ HTTP/1.1" 200 300
::1 - - [04/Dec/2022:22:41:57 +0300] "GET /form_manao_test/data/db.json HTTP/1.1" 200 1054
::1 - - [04/Dec/2022:22:42:52 +0300] "GET /form_manao_test/data/db.json HTTP/1.1" 304 -
::1 - - [04/Dec/2022:22:42:53 +0300] "GET /form_manao_test/data/db.json HTTP/1.1" 304 -
::1 - - [04/Dec/2022:22:42:53 +0300] "GET /form_manao_test/data/db.json HTTP/1.1" 304 -
::1 - - [04/Dec/2022:22:42:53 +0300] "GET /form_manao_test/data/db.json HTTP/1.1" 304 -
::1 - - [04/Dec/2022:22:42:53 +0300] "GET /form_manao_test/data/db.json HTTP/1.1" 304 -
::1 - - [04/Dec/2022:22:42:54 +0300] "GET /form_manao_test/data/db.json HTTP/1.1" 304 -
::1 - - [04/Dec/2022:22:42:54 +0300] "GET /form_manao_test/data/db.json HTTP/1.1" 304 -
::1 - - [04/Dec/2022:22:42:56 +0300] "GET /img/ripple.gif HTTP/1.1" 404 196
::1 - - [04/Dec/2022:22:43:01 +0300] "GET /form_manao_test/data/ HTTP/1.1" 200 300
::1 - - [04/Dec/2022:22:44:01 +0300] "-" 408 -
::1 - - [04/Dec/2022:22:44:17 +0300] "GET /img/ripple.gif HTTP/1.1" 404 196
::1 - - [04/Dec/2022:22:45:17 +0300] "-" 408 -
::1 - - [04/Dec/2022:22:45:25 +0300] "POST /php/formreg.php HTTP/1.1" 404 196
::1 - - [04/Dec/2022:22:45:44 +0300] "GET /form_manao_test/ HTTP/1.1" 304 -
::1 - - [04/Dec/2022:22:45:44 +0300] "GET /img/ripple.gif HTTP/1.1" 404 196
